[00:58:42] SESSION_START pid=3423609 mode=continue
[00:58:42] SKILL_LOADED plan-forge-batch mode=continue
[00:58:42] TODO_PICKED p14-voice-agent action=impl
[00:59:15] PROGRESS_UPDATED p14-voice-agent impl_status=running
[01:59:57] SUBAGENT_RETURNED p14-voice-agent result=success
[01:59:57] PROGRESS_UPDATED p14-voice-agent impl_status=completed impl_commit=5f16ee3
[02:00:07] GIT_COMMIT c3eb440
[02:00:12] SESSION_CHAIN_SPAWN spawning next session for p15-telegram-integration
[02:00:40] SESSION_CHAIN_SPAWN pid=3447174
[02:00:40] SESSION_END
[02:00:47] SESSION_START pid=3447528 mode=continue
[02:00:51] SKILL_LOADED plan-forge-batch mode=continue
[02:01:11] TODO_PICKED p15-telegram-integration action=impl
[02:02:27] PROGRESS_UPDATED p15-telegram-integration impl_status=running
[02:03:50] SUBAGENT_DISPATCHED impl slug=p15 tasks=1-2
[02:06:56] SUBAGENT_RETURNED p15 tasks=1-2 result=success
[02:06:56] SUBAGENT_DISPATCHED impl slug=p15 tasks=3-4
[02:11:34] SUBAGENT_RETURNED p15 tasks=3-4 result=success
[02:11:34] SUBAGENT_DISPATCHED impl slug=p15 task=5
[02:13:36] SUBAGENT_RETURNED p15 task=5 result=success
[02:13:36] SUBAGENT_DISPATCHED impl slug=p15 task=6
[02:17:29] SUBAGENT_RETURNED p15 task=6 result=success
[02:17:29] SUBAGENT_DISPATCHED impl slug=p15 task=7
[02:22:05] SUBAGENT_RETURNED p15 task=7 result=success
[02:22:05] SUBAGENT_DISPATCHED impl slug=p15 task=8
[02:25:02] SUBAGENT_RETURNED p15 task=8 result=success
[02:36:13] PROGRESS_UPDATED p15-telegram-integration impl_status=completed impl_commit=9621c9b
[02:36:13] PROGRESS_UPDATED batch_status=complete
[02:36:13] BATCH_COMPLETE success=2/2 failed=0
