[01:05:05] BATCH_SETUP project=headhunting-onboarding todos=3 scope=verify mode=background
[01:05:20] SESSION_START pid=170303 mode=continue
[01:05:47] SESSION_START pid=170617 mode=continue
[01:05:50] SKILL_LOADED plan-forge-batch mode=continue
[01:08:20] TODO_PICKED phase1 action=tempering
[01:08:23] SUBAGENT_DISPATCHED plan-forge slug=phase1
[01:09:08] FORGE_START slug=phase1 entry=design
[01:09:12] PRECHECK_DONE redteam=agent(expert-panel)
[01:09:13] DOCSCAN_DONE entry_point=design artifacts_found=2
[01:09:31] DESIGN_ROUND_START round=1
[01:10:35] REDTEAM_START model=agent stage=design round=1
[01:11:43] REDTEAM_DONE model=agent issues=9 critical=1
[01:12:54] AUTHOR_REBUTTAL_DONE round=1 accepted=7 rebutted=2
[01:13:01] DESIGN_ROUND_START round=2
[01:13:20] REDTEAM_DONE model=agent issues=0 critical=0
[01:13:20] AUTHOR_REBUTTAL_DONE round=2 accepted=0 rebutted=0
[01:15:11] DESIGN_TEMPERING_DONE rounds=2 total_issues=9
[01:15:33] IMPL_ROUND_START round=1
[01:15:57] REDTEAM_START model=agent stage=impl round=1
[01:17:05] REDTEAM_DONE model=agent issues=10 critical=2
[01:17:41] AUTHOR_REBUTTAL_DONE round=1 accepted=9 rebutted=1
[01:17:45] IMPL_ROUND_START round=2
[01:22:15] IMPL_TEMPERING_DONE rounds=2 total_issues=10
[01:22:15] FORGE_DONE slug=phase1 result=success
[01:23:26] SUBAGENT_RETURNED phase1 result=success
[01:23:26] PROGRESS_UPDATED phase1 tempering_status=completed
[01:23:38] GIT_COMMIT 5860eb8
